core   0: 3 0x00003000 (0x00f00093) x1  0x0000000f
core   0: 3 0x00003004 (0xff100113) x2  0xfffffff1
core   0: 3 0x00003008 (0x01000193) x3  0x00000010
core   0: 3 0x0000300c (0x0ff00213) x4  0x000000ff
core   0: 3 0x00003010 (0x800002b7) x5  0x80000000
core   0: 3 0x00003014 (0xfff28293) x5  0x7fffffff
core   0: 3 0x00003018 (0x80000337) x6  0x80000000
core   0: 3 0x0000301c (0x003083b3) x7  0x0000001f
core   0: 3 0x00003020 (0x00410433) x8  0x000000f0
core   0: 3 0x00003024 (0x006284b3) x9  0xffffffff
core   0: 3 0x00003028 (0x40118533) x10 0x00000001
core   0: 3 0x0000302c (0x402205b3) x11 0x0000010e
core   0: 3 0x00003030 (0x0ff0f613) x12 0x0000000f
core   0: 3 0x00003034 (0x0ff0e693) x13 0x000000ff
core   0: 3 0x00003038 (0x0ff0c713) x14 0x000000f0
core   0: 3 0x0000303c (0x0100a793) x15 0x00000001
core   0: 3 0x00003040 (0x00f1a813) x16 0x00000000
core   0: 3 0x00003044 (0xfff1a813) x16 0x00000000
core   0: 3 0x00003048 (0xffe00193) x3  0xfffffffe
core   0: 3 0x0000304c (0xfff1a813) x16 0x00000001
core   0: 3 0x00003050 (0x0100b893) x17 0x00000001
core   0: 3 0x00003054 (0x00100293) x5  0x00000001
core   0: 3 0x00003058 (0x8002b913) x18 0x00000001
core   0: 3 0x0000305c (0x101010b7) x1  0x10101000
core   0: 3 0x00003060 (0x01008093) x1  0x10101010
core   0: 3 0x00003064 (0xc0100f37) x30 0xc0100000
core   0: 3 0x00003068 (0xeeef0f13) x30 0xc00ffeee
core   0: 3 0x0000306c (0x00108663)
core   0: 3 0x00003078 (0x80000a37) x20 0x80000000
core   0: 3 0x0000307c (0xfffa0a13) x20 0x7fffffff
core   0: 3 0x00003080 (0x00002ab7) x21 0x00002000
core   0: 3 0x00003084 (0x014aa023) mem 0x00002000 0x7fffffff
core   0: 3 0x00003088 (0x0000ba37) x20 0x0000b000
core   0: 3 0x0000308c (0xaaaa0a13) x20 0x0000aaaa
core   0: 3 0x00003090 (0x014a9223) mem 0x00002004 0xaaaa
core   0: 3 0x00003094 (0x014a8423) mem 0x00002008 0xaa
core   0: 3 0x00003098 (0x77710a37) x20 0x77710000
core   0: 3 0x0000309c (0xfffa0a13) x20 0x7770ffff
core   0: 3 0x000030a0 (0x014aa623) mem 0x0000200c 0x7770ffff
core   0: 3 0x000030a4 (0x00caab03) x22 0x7770ffff mem 0x0000200c
core   0: 3 0x000030a8 (0x00ca9b83) x23 0xffffffff mem 0x0000200c
core   0: 3 0x000030ac (0x00ca8c03) x24 0xffffffff mem 0x0000200c
core   0: 3 0x000030b0 (0x1111ba37) x20 0x1111b000
core   0: 3 0x000030b4 (0xaaaa0a13) x20 0x1111aaaa
core   0: 3 0x000030b8 (0x014aa823) mem 0x00002010 0x1111aaaa
core   0: 3 0x000030bc (0x010adc83) x25 0x0000aaaa mem 0x00002010
core   0: 3 0x000030c0 (0x010acd03) x26 0x000000aa mem 0x00002010
core   0: 3 0x000030c4 (0x00007ab7) x21 0x00007000
core   0: 3 0x000030c8 (0xa0a0aa37) x20 0xa0a0a000
core   0: 3 0x000030cc (0x0a0a0a13) x20 0xa0a0a0a0
core   0: 3 0x000030d0 (0x014aa023) mem 0x00007000 0xa0a0a0a0
core   0: 3 0x000030d4 (0x014a9423) mem 0x00007008 0xa0a0
core   0: 3 0x000030d8 (0x014a8823) mem 0x00007010 0xa0
core   0: 3 0x000030dc (0x00007ab7) x21 0x00007000
core   0: 3 0x000030e0 (0x020a8a93) x21 0x00007020
core   0: 3 0x000030e4 (0xa0a0aa37) x20 0xa0a0a000
core   0: 3 0x000030e8 (0x0a0a0a13) x20 0xa0a0a0a0
core   0: 3 0x000030ec (0x014a8023) mem 0x00007020 0xa0
core   0: 3 0x000030f0 (0x00007ab7) x21 0x00007000
core   0: 3 0x000030f4 (0x020a8a93) x21 0x00007020
core   0: 3 0x000030f8 (0x07c00a13) x20 0x0000007c
core   0: 3 0x000030fc (0x014a80a3) mem 0x00007021 0x7c
core   0: 3 0x00003100 (0x00007ab7) x21 0x00007000
core   0: 3 0x00003104 (0x020a8a93) x21 0x00007020
core   0: 3 0x00003108 (0xa0a00a37) x20 0xa0a00000
core   0: 3 0x0000310c (0x05ea0a13) x20 0xa0a0005e
core   0: 3 0x00003110 (0x014a8123) mem 0x00007022 0x5e
core   0: 3 0x00003114 (0x00007ab7) x21 0x00007000
core   0: 3 0x00003118 (0x020a8a93) x21 0x00007020
core   0: 3 0x0000311c (0x12340a37) x20 0x12340000
core   0: 3 0x00003120 (0x08ba0a13) x20 0x1234008b
core   0: 3 0x00003124 (0x014a81a3) mem 0x00007023 0x8b
core   0: 3 0x00003128 (0x014a8923) mem 0x00007032 0x8b
core   0: 3 0x0000312c (0x0c100fb7) x31 0x0c100000
core   0: 3 0x00003130 (0xee1f8f93) x31 0x0c0ffee1
core   0: 3 0x00003134 (0x00209663)
core   0: 3 0x00003140 (0x0c100fb7) x31 0x0c100000
core   0: 3 0x00003144 (0xee2f8f93) x31 0x0c0ffee2
core   0: 3 0x00003148 (0x0030c663)
core   0: 3 0x0000314c (0xdeadcfb7) x31 0xdeadc000
core   0: 3 0x00003150 (0xee3f8f93) x31 0xdeadbee3
core   0: 3 0x00003154 (0x0c100fb7) x31 0x0c100000
core   0: 3 0x00003158 (0xee3f8f93) x31 0x0c0ffee3
core   0: 3 0x0000315c (0x0011d663)
core   0: 3 0x00003160 (0xdeadcfb7) x31 0xdeadc000
core   0: 3 0x00003164 (0xee4f8f93) x31 0xdeadbee4
core   0: 3 0x00003168 (0x0c100fb7) x31 0x0c100000
core   0: 3 0x0000316c (0xee4f8f93) x31 0x0c0ffee4
core   0: 3 0x00003170 (0x00c00f6f) x30 0x00003174
core   0: 3 0x0000317c (0x0c100fb7) x31 0x0c100000
core   0: 3 0x00003180 (0xee5f8f93) x31 0x0c0ffee5
core   0: 3 0x00003184 (0x00000117) x2  0x00003184
core   0: 3 0x00003188 (0x01410113) x2  0x00000198
core   0: 3 0x0000318c (0x00010f67) x30 0x00003190
core   0: 3 0x00003198 (0x0080006f)
core   0: 3 0x000031a0 (0x0000006f)
core   0: 3 0x000031a0 (0x0000006f)
core   0: 3 0x000031a0 (0x0000006f)
core   0: 3 0x000031a0 (0x0000006f)
core   0: 3 0x000031a0 (0x0000006f)
core   0: 3 0x000031a0 (0x0000006f)
core   0: 3 0x000031a0 (0x0000006f)
core   0: 3 0x000031a0 (0x0000006f)
core   0: 3 0x000031a0 (0x0000006f)
core   0: 3 0x000031a0 (0x0000006f)
core   0: 3 0x000031a0 (0x0000006f)
core   0: 3 0x000031a0 (0x0000006f)
core   0: 3 0x000031a0 (0x0000006f)
core   0: 3 0x000031a0 (0x0000006f)
core   0: 3 0x000031a0 (0x0000006f)
core   0: 3 0x000031a0 (0x0000006f)
core   0: 3 0x000031a0 (0x0000006f)
core   0: 3 0x000031a0 (0x0000006f)
core   0: 3 0x000031a0 (0x0000006f)
core   0: 3 0x000031a0 (0x0000006f)
core   0: 3 0x000031a0 (0x0000006f)
core   0: 3 0x000031a0 (0x0000006f)
core   0: 3 0x000031a0 (0x0000006f)
core   0: 3 0x000031a0 (0x0000006f)
core   0: 3 0x000031a0 (0x0000006f)
core   0: 3 0x000031a0 (0x0000006f)
core   0: 3 0x000031a0 (0x0000006f)
core   0: 3 0x000031a0 (0x0000006f)
core   0: 3 0x000031a0 (0x0000006f)
core   0: 3 0x000031a0 (0x0000006f)
core   0: 3 0x000031a0 (0x0000006f)
core   0: 3 0x000031a0 (0x0000006f)
core   0: 3 0x000031a0 (0x0000006f)
core   0: 3 0x000031a0 (0x0000006f)
core   0: 3 0x000031a0 (0x0000006f)
core   0: 3 0x000031a0 (0x0000006f)
core   0: 3 0x000031a0 (0x0000006f)
core   0: 3 0x000031a0 (0x0000006f)
core   0: 3 0x000031a0 (0x0000006f)
core   0: 3 0x000031a0 (0x0000006f)
core   0: 3 0x000031a0 (0x0000006f)
core   0: 3 0x000031a0 (0x0000006f)
core   0: 3 0x000031a0 (0x0000006f)
core   0: 3 0x000031a0 (0x0000006f)
core   0: 3 0x000031a0 (0x0000006f)
core   0: 3 0x000031a0 (0x0000006f)
core   0: 3 0x000031a0 (0x0000006f)
core   0: 3 0x000031a0 (0x0000006f)
core   0: 3 0x000031a0 (0x0000006f)
core   0: 3 0x000031a0 (0x0000006f)
core   0: 3 0x000031a0 (0x0000006f)
core   0: 3 0x000031a0 (0x0000006f)
core   0: 3 0x000031a0 (0x0000006f)
core   0: 3 0x000031a0 (0x0000006f)
core   0: 3 0x000031a0 (0x0000006f)
core   0: 3 0x000031a0 (0x0000006f)
core   0: 3 0x000031a0 (0x0000006f)
core   0: 3 0x000031a0 (0x0000006f)
core   0: 3 0x000031a0 (0x0000006f)
core   0: 3 0x000031a0 (0x0000006f)
core   0: 3 0x000031a0 (0x0000006f)
core   0: 3 0x000031a0 (0x0000006f)
core   0: 3 0x000031a0 (0x0000006f)
core   0: 3 0x000031a0 (0x0000006f)
core   0: 3 0x000031a0 (0x0000006f)
core   0: 3 0x000031a0 (0x0000006f)
core   0: 3 0x000031a0 (0x0000006f)
core   0: 3 0x000031a0 (0x0000006f)
core   0: 3 0x000031a0 (0x0000006f)
core   0: 3 0x000031a0 (0x0000006f)
core   0: 3 0x000031a0 (0x0000006f)
core   0: 3 0x000031a0 (0x0000006f)
core   0: 3 0x000031a0 (0x0000006f)
core   0: 3 0x000031a0 (0x0000006f)
core   0: 3 0x000031a0 (0x0000006f)
core   0: 3 0x000031a0 (0x0000006f)
core   0: 3 0x000031a0 (0x0000006f)
core   0: 3 0x000031a0 (0x0000006f)
core   0: 3 0x000031a0 (0x0000006f)
core   0: 3 0x000031a0 (0x0000006f)
core   0: 3 0x000031a0 (0x0000006f)
core   0: 3 0x000031a0 (0x0000006f)
core   0: 3 0x000031a0 (0x0000006f)
core   0: 3 0x000031a0 (0x0000006f)
core   0: 3 0x000031a0 (0x0000006f)
core   0: 3 0x000031a0 (0x0000006f)
core   0: 3 0x000031a0 (0x0000006f)
core   0: 3 0x000031a0 (0x0000006f)
core   0: 3 0x000031a0 (0x0000006f)
core   0: 3 0x000031a0 (0x0000006f)
core   0: 3 0x000031a0 (0x0000006f)
core   0: 3 0x000031a0 (0x0000006f)
core   0: 3 0x000031a0 (0x0000006f)
core   0: 3 0x000031a0 (0x0000006f)
core   0: 3 0x000031a0 (0x0000006f)
core   0: 3 0x000031a0 (0x0000006f)
core   0: 3 0x000031a0 (0x0000006f)
core   0: 3 0x000031a0 (0x0000006f)
core   0: 3 0x000031a0 (0x0000006f)
core   0: 3 0x000031a0 (0x0000006f)
core   0: 3 0x000031a0 (0x0000006f)
core   0: 3 0x000031a0 (0x0000006f)
core   0: 3 0x000031a0 (0x0000006f)
core   0: 3 0x000031a0 (0x0000006f)
core   0: 3 0x000031a0 (0x0000006f)
core   0: 3 0x000031a0 (0x0000006f)
core   0: 3 0x000031a0 (0x0000006f)
core   0: 3 0x000031a0 (0x0000006f)
core   0: 3 0x000031a0 (0x0000006f)
core   0: 3 0x000031a0 (0x0000006f)
core   0: 3 0x000031a0 (0x0000006f)
core   0: 3 0x000031a0 (0x0000006f)
core   0: 3 0x000031a0 (0x0000006f)
core   0: 3 0x000031a0 (0x0000006f)
core   0: 3 0x000031a0 (0x0000006f)
core   0: 3 0x000031a0 (0x0000006f)
core   0: 3 0x000031a0 (0x0000006f)
core   0: 3 0x000031a0 (0x0000006f)
core   0: 3 0x000031a0 (0x0000006f)
core   0: 3 0x000031a0 (0x0000006f)
core   0: 3 0x000031a0 (0x0000006f)
core   0: 3 0x000031a0 (0x0000006f)
core   0: 3 0x000031a0 (0x0000006f)
core   0: 3 0x000031a0 (0x0000006f)
core   0: 3 0x000031a0 (0x0000006f)
core   0: 3 0x000031a0 (0x0000006f)
core   0: 3 0x000031a0 (0x0000006f)
core   0: 3 0x000031a0 (0x0000006f)
core   0: 3 0x000031a0 (0x0000006f)
core   0: 3 0x000031a0 (0x0000006f)
core   0: 3 0x000031a0 (0x0000006f)
core   0: 3 0x000031a0 (0x0000006f)
core   0: 3 0x000031a0 (0x0000006f)
core   0: 3 0x000031a0 (0x0000006f)
core   0: 3 0x000031a0 (0x0000006f)
core   0: 3 0x000031a0 (0x0000006f)
core   0: 3 0x000031a0 (0x0000006f)
core   0: 3 0x000031a0 (0x0000006f)
core   0: 3 0x000031a0 (0x0000006f)
core   0: 3 0x000031a0 (0x0000006f)
core   0: 3 0x000031a0 (0x0000006f)
core   0: 3 0x000031a0 (0x0000006f)
core   0: 3 0x000031a0 (0x0000006f)
core   0: 3 0x000031a0 (0x0000006f)
core   0: 3 0x000031a0 (0x0000006f)
core   0: 3 0x000031a0 (0x0000006f)
core   0: 3 0x000031a0 (0x0000006f)
core   0: 3 0x000031a0 (0x0000006f)
core   0: 3 0x000031a0 (0x0000006f)
core   0: 3 0x000031a0 (0x0000006f)
core   0: 3 0x000031a0 (0x0000006f)
core   0: 3 0x000031a0 (0x0000006f)
core   0: 3 0x000031a0 (0x0000006f)
core   0: 3 0x000031a0 (0x0000006f)
core   0: 3 0x000031a0 (0x0000006f)
core   0: 3 0x000031a0 (0x0000006f)
core   0: 3 0x000031a0 (0x0000006f)
core   0: 3 0x000031a0 (0x0000006f)
core   0: 3 0x000031a0 (0x0000006f)
core   0: 3 0x000031a0 (0x0000006f)
core   0: 3 0x000031a0 (0x0000006f)
core   0: 3 0x000031a0 (0x0000006f)
core   0: 3 0x000031a0 (0x0000006f)
core   0: 3 0x000031a0 (0x0000006f)
core   0: 3 0x000031a0 (0x0000006f)
core   0: 3 0x000031a0 (0x0000006f)
core   0: 3 0x000031a0 (0x0000006f)
core   0: 3 0x000031a0 (0x0000006f)
core   0: 3 0x000031a0 (0x0000006f)
core   0: 3 0x000031a0 (0x0000006f)
core   0: 3 0x000031a0 (0x0000006f)
core   0: 3 0x000031a0 (0x0000006f)
core   0: 3 0x000031a0 (0x0000006f)
core   0: 3 0x000031a0 (0x0000006f)
core   0: 3 0x000031a0 (0x0000006f)
core   0: 3 0x000031a0 (0x0000006f)
core   0: 3 0x000031a0 (0x0000006f)
core   0: 3 0x000031a0 (0x0000006f)
core   0: 3 0x000031a0 (0x0000006f)
core   0: 3 0x000031a0 (0x0000006f)
core   0: 3 0x000031a0 (0x0000006f)
core   0: 3 0x000031a0 (0x0000006f)
core   0: 3 0x000031a0 (0x0000006f)
core   0: 3 0x000031a0 (0x0000006f)
core   0: 3 0x000031a0 (0x0000006f)
core   0: 3 0x000031a0 (0x0000006f)
core   0: 3 0x000031a0 (0x0000006f)
core   0: 3 0x000031a0 (0x0000006f)
core   0: 3 0x000031a0 (0x0000006f)
core   0: 3 0x000031a0 (0x0000006f)
core   0: 3 0x000031a0 (0x0000006f)
core   0: 3 0x000031a0 (0x0000006f)
core   0: 3 0x000031a0 (0x0000006f)
core   0: 3 0x000031a0 (0x0000006f)
core   0: 3 0x000031a0 (0x0000006f)
core   0: 3 0x000031a0 (0x0000006f)
core   0: 3 0x000031a0 (0x0000006f)
core   0: 3 0x000031a0 (0x0000006f)
core   0: 3 0x000031a0 (0x0000006f)
core   0: 3 0x000031a0 (0x0000006f)
core   0: 3 0x000031a0 (0x0000006f)
core   0: 3 0x000031a0 (0x0000006f)
core   0: 3 0x000031a0 (0x0000006f)
