At: 11000, mine: 2363902233, expected: 2363902233, op1: 2148450816, op2: 215451417
At: 22000, mine: 3621263279, expected: 3621263279, op1: 3193264764, op2: 427998515
At: 33000, mine: 89891849, expected: 89891849, op1: 3438462617, op2: 946396528
At: 44000, mine: 2071390454, expected: 2071390454, op1: 1504232883, op2: 567157571
At: 55000, mine: 1270703766, expected: 1270703766, op1: 2849484371, op2: 2716186691
At: 66000, mine: 4263342587, expected: 4263342587, op1: 120510222, op2: 4142832365
At: 77000, mine: 2805947726, expected: 2805947726, op1: 1949037544, op2: 856910182
At: 88000, mine: 1699136202, expected: 1699136202, op1: 1254190485, op2: 444945717
At: 99000, mine: 1850067676, expected: 1850067676, op1: 1429983658, op2: 420084018
At: 110000, mine: 2150784255, expected: 2150784255, op1: 2235441674, op2: 4210309877
At: 121000, mine: 3668801460, expected: 3668801460, op1: 2523743276, op2: 1145058184
At: 132000, mine: 392973870, expected: 392973870, op1: 438457140, op2: 4249484026
At: 143000, mine: 1452518060, expected: 1452518060, op1: 2403076126, op2: 3344409230
At: 154000, mine: 1758796496, expected: 1758796496, op1: 3035044969, op2: 3018718823
At: 165000, mine: 161362450, expected: 161362450, op1: 687185233, op2: 3769144513
At: 176000, mine: 4163489264, expected: 4163489264, op1: 169695508, op2: 3993793756
At: 187000, mine: 4005777885, expected: 4005777885, op1: 3023387240, op2: 982390645
At: 198000, mine: 1007414391, expected: 1007414391, op1: 810132832, op2: 197281559
At: 209000, mine: 982634100, expected: 982634100, op1: 2350898200, op2: 2926703196
At: 220000, mine: 797539935, expected: 797539935, op1: 1820351961, op2: 3272155270
At: 231000, mine: 1509488307, expected: 1509488307, op1: 3277865094, op2: 2526590509
At: 242000, mine: 1344605343, expected: 1344605343, op1: 247569693, op2: 1097035650
At: 253000, mine: 1368428706, expected: 1368428706, op1: 3605193389, op2: 2058202613
At: 264000, mine: 274571296, expected: 274571296, op1: 3121954932, op2: 1447583660
At: 275000, mine: 3311460746, expected: 3311460746, op1: 575799108, op2: 2735661638
At: 286000, mine: 1186382476, expected: 1186382476, op1: 879158632, op2: 307223844
At: 297000, mine: 1898623201, expected: 1898623201, op1: 2454818852, op2: 3738771645
At: 308000, mine: 2705355586, expected: 2705355586, op1: 2585911860, op2: 119443726
At: 319000, mine: 1496271537, expected: 1496271537, op1: 3497743520, op2: 2293495313
At: 330000, mine: 2778678603, expected: 2778678603, op1: 2441959971, op2: 336718632
At: 341000, mine: 2071491830, expected: 2071491830, op1: 3843736778, op2: 2522722348
At: 352000, mine: 1167342730, expected: 1167342730, op1: 3655869619, op2: 1806440407
At: 363000, mine: 1235253906, expected: 1235253906, op1: 178856213, op2: 1056397693
At: 374000, mine: 2416238367, expected: 2416238367, op1: 1380245412, op2: 1035992955
At: 385000, mine: 3004832614, expected: 3004832614, op1: 789143902, op2: 2215688712
At: 396000, mine: 2256745740, expected: 2256745740, op1: 1411769768, op2: 844975972
At: 407000, mine: 133736975, expected: 133736975, op1: 1585726909, op2: 2842977362
At: 418000, mine: 2673198909, expected: 2673198909, op1: 4258878203, op2: 2709288002
At: 429000, mine: 2084038392, expected: 2084038392, op1: 344212777, op2: 1739825615
At: 440000, mine: 4227833335, expected: 4227833335, op1: 3365209233, op2: 862624102
At: 451000, mine: 2474908454, expected: 2474908454, op1: 772906844, op2: 1702001610
At: 462000, mine: 3695723447, expected: 3695723447, op1: 2253559308, op2: 1442164139
At: 473000, mine: 1031934074, expected: 1031934074, op1: 4195241716, op2: 1131659654
At: 484000, mine: 1438890666, expected: 1438890666, op1: 2741723718, op2: 2992134244
At: 495000, mine: 3935767508, expected: 3935767508, op1: 2737966662, op2: 1197800846
At: 506000, mine: 3621425582, expected: 3621425582, op1: 1207208335, op2: 2414217247
At: 517000, mine: 1630592193, expected: 1630592193, op1: 4022755039, op2: 1902804450
At: 528000, mine: 2219952391, expected: 2219952391, op1: 3034243177, op2: 3480676510
At: 539000, mine: 2609758518, expected: 2609758518, op1: 321025830, op2: 2288732688
At: 550000, mine: 3830640584, expected: 3830640584, op1: 4173269233, op2: 3952338647
At: 561000, mine: 1980009195, expected: 1980009195, op1: 216487705, op2: 1763521490
At: 572000, mine: 32770563, expected: 32770563, op1: 3633405105, op2: 694332754
At: 583000, mine: 1976334570, expected: 1976334570, op1: 3522934435, op2: 2748367431
At: 594000, mine: 1849663707, expected: 1849663707, op1: 2280519695, op2: 3864111308
At: 605000, mine: 1883593439, expected: 1883593439, op1: 994579830, op2: 889013609
At: 616000, mine: 1002224759, expected: 1002224759, op1: 2369304602, op2: 2927887453
At: 627000, mine: 1522496181, expected: 1522496181, op1: 1983032812, op2: 3834430665
At: 638000, mine: 1970726121, expected: 1970726121, op1: 3984144602, op2: 2281548815
At: 649000, mine: 180587540, expected: 180587540, op1: 1926986725, op2: 2548568111
At: 660000, mine: 444998196, expected: 444998196, op1: 2079773687, op2: 2660191805
At: 671000, mine: 786099293, expected: 786099293, op1: 2350397976, op2: 2730668613
At: 682000, mine: 639040588, expected: 639040588, op1: 3918833363, op2: 1015174521
At: 693000, mine: 1205296783, expected: 1205296783, op1: 1697671114, op2: 3802592965
At: 704000, mine: 2884794199, expected: 2884794199, op1: 4025322719, op2: 3154438776
At: 715000, mine: 3936037332, expected: 3936037332, op1: 3109633650, op2: 826403682
At: 726000, mine: 2441486626, expected: 2441486626, op1: 3023053416, op2: 3713400506
At: 737000, mine: 308352547, expected: 308352547, op1: 2565978673, op2: 2037341170
At: 748000, mine: 3949723606, expected: 3949723606, op1: 1035650427, op2: 2914073179
At: 759000, mine: 3414452630, expected: 3414452630, op1: 1350474144, op2: 2063978486
At: 770000, mine: 2272434957, expected: 2272434957, op1: 2625080888, op2: 3942321365
At: 781000, mine: 4274580988, expected: 4274580988, op1: 4117124842, op2: 157456146
At: 792000, mine: 2871327573, expected: 2871327573, op1: 452484405, op2: 2418843168
At: 803000, mine: 2770529609, expected: 2770529609, op1: 1416441256, op2: 1354088353
At: 814000, mine: 2396170012, expected: 2396170012, op1: 2555562544, op2: 4135574764
At: 825000, mine: 738141783, expected: 738141783, op1: 3186693755, op2: 1846415324
At: 836000, mine: 2635573049, expected: 2635573049, op1: 3854316235, op2: 3076224110
At: 847000, mine: 1376448163, expected: 1376448163, op1: 3957707991, op2: 1713707468
At: 858000, mine: 4276389372, expected: 4276389372, op1: 3286611079, op2: 989778293
At: 869000, mine: 1148978312, expected: 1148978312, op1: 4254130427, op2: 1189815181
At: 880000, mine: 2080785655, expected: 2080785655, op1: 3692570808, op2: 2683182143
At: 891000, mine: 1155052169, expected: 1155052169, op1: 1157985674, op2: 4292033791
At: 902000, mine: 942568560, expected: 942568560, op1: 3507498146, op2: 1730037710
At: 913000, mine: 2671756093, expected: 2671756093, op1: 1650495940, op2: 1021260153
At: 924000, mine: 1417353384, expected: 1417353384, op1: 1134173575, op2: 283179809
At: 935000, mine: 959478385, expected: 959478385, op1: 3905219793, op2: 1349225888
At: 946000, mine: 4252939770, expected: 4252939770, op1: 1726879181, op2: 2526060589
At: 957000, mine: 2161287425, expected: 2161287425, op1: 2299987474, op2: 4156267247
At: 968000, mine: 3989330394, expected: 3989330394, op1: 2160848897, op2: 1828481497
At: 979000, mine: 79593992, expected: 79593992, op1: 2121866236, op2: 2252695052
At: 990000, mine: 3974859225, expected: 3974859225, op1: 1901546466, op2: 2073312759
At: 1001000, mine: 2084889336, expected: 2084889336, op1: 3095864433, op2: 3283992199
At: 1012000, mine: 1393053349, expected: 1393053349, op1: 515081021, op2: 877972328
At: 1023000, mine: 2285309199, expected: 2285309199, op1: 4283621630, op2: 2296654865
At: 1034000, mine: 416493104, expected: 416493104, op1: 1616884160, op2: 3094576240
At: 1045000, mine: 4096706536, expected: 4096706536, op1: 220186906, op2: 3876519630
At: 1056000, mine: 2082288887, expected: 2082288887, op1: 3327308940, op2: 3049947243
At: 1067000, mine: 3226885503, expected: 3226885503, op1: 1507794355, op2: 1719091148
At: 1078000, mine: 3235637121, expected: 3235637121, op1: 1473718191, op2: 1761918930
At: 1089000, mine: 3148909942, expected: 3148909942, op1: 342611240, op2: 2806298702
At: 1100000, mine: 380718637, expected: 380718637, op1: 640116044, op2: 4035569889
At: 1111000, mine: 4141918701, expected: 4141918701, op1: 2240196107, op2: 1901722594
At: 1122000, mine: 720629845, expected: 720629845, op1: 1321831325, op2: 3693765816
At: 1133000, mine: 3614602670, expected: 3614602670, op1: 3633456817, op2: 4276113149
At: 1144000, mine: 1865864926, expected: 1865864926, op1: 3383456915, op2: 2777375307
At: 1155000, mine: 329398823, expected: 329398823, op1: 101611788, op2: 227787035
At: 1166000, mine: 2622590263, expected: 2622590263, op1: 520011069, op2: 2102579194
At: 1177000, mine: 1587855548, expected: 1587855548, op1: 1540727223, op2: 47128325
At: 1188000, mine: 2045252339, expected: 2045252339, op1: 3772039873, op2: 2568179762
At: 1199000, mine: 225398298, expected: 225398298, op1: 3742849726, op2: 777515868
At: 1210000, mine: 1920136931, expected: 1920136931, op1: 2222628360, op2: 3992475867
At: 1221000, mine: 2080353015, expected: 2080353015, op1: 2215977480, op2: 4159342831
At: 1232000, mine: 4224140279, expected: 4224140279, op1: 4153749743, op2: 70390536
At: 1243000, mine: 2065965302, expected: 2065965302, op1: 4154340079, op2: 2206592519
At: 1254000, mine: 1545501367, expected: 1545501367, op1: 217911577, op2: 1327589790
At: 1265000, mine: 2395176220, expected: 2395176220, op1: 1984662508, op2: 410513712
At: 1276000, mine: 3550389158, expected: 3550389158, op1: 2639961146, op2: 910428012
At: 1287000, mine: 1151662728, expected: 1151662728, op1: 3984319194, op2: 1462310830
At: 1298000, mine: 2992785764, expected: 2992785764, op1: 4152488175, op2: 3135264885
At: 1309000, mine: 1807248087, expected: 1807248087, op1: 1645197764, op2: 162050323
At: 1320000, mine: 1660974789, expected: 1660974789, op1: 4237224185, op2: 1718717900
At: 1331000, mine: 1943934182, expected: 1943934182, op1: 1491421617, op2: 452512565
At: 1342000, mine: 4053052898, expected: 4053052898, op1: 62988039, op2: 3990064859
At: 1353000, mine: 3190733692, expected: 3190733692, op1: 3172241018, op2: 18492674
At: 1364000, mine: 390527534, expected: 390527534, op1: 1645736900, op2: 3039757930
At: 1375000, mine: 633581130, expected: 633581130, op1: 2146125311, op2: 2782423115
At: 1386000, mine: 1381229732, expected: 1381229732, op1: 833518947, op2: 547710785
At: 1397000, mine: 2298392337, expected: 2298392337, op1: 4004047581, op2: 2589312052
At: 1408000, mine: 311718436, expected: 311718436, op1: 3034029161, op2: 1572656571
At: 1419000, mine: 2605845813, expected: 2605845813, op1: 2046475251, op2: 559370562
At: 1430000, mine: 2189831428, expected: 2189831428, op1: 1895427041, op2: 294404387
At: 1441000, mine: 3347613582, expected: 3347613582, op1: 1798811606, op2: 1548801976
At: 1452000, mine: 4107475433, expected: 4107475433, op1: 3710633146, op2: 396842287
At: 1463000, mine: 1787652308, expected: 1787652308, op1: 3277620358, op2: 2804999246
At: 1474000, mine: 2119812860, expected: 2119812860, op1: 1083131777, op2: 1036681083
At: 1485000, mine: 783580764, expected: 783580764, op1: 1070053759, op2: 4008494301
At: 1496000, mine: 3300210056, expected: 3300210056, op1: 476990776, op2: 2823219280
At: 1507000, mine: 3481405854, expected: 3481405854, op1: 1085638529, op2: 2395767325
